<?xml version="1.0" encoding="UTF-8"?>
<testng-results ignored="0" total="2" passed="2" failed="0" skipped="0">
  <reporter-output>
  </reporter-output>
  <suite started-at="2019-09-09T21:11:30 CEST" name="Default suite" finished-at="2019-09-09T21:11:34 CEST" duration-ms="4182">
    <groups>
    </groups>
    <test started-at="2019-09-09T21:11:30 CEST" name="Default test" finished-at="2019-09-09T21:11:34 CEST" duration-ms="4182">
      <class name="test.automation.restAPI.CreateRequest">
        <test-method signature="createEmployee(java.lang.String, java.lang.String, java.lang.String)[pri:0, instance:test.automation.restAPI.CreateRequest@16e7dcfd]" started-at="2019-09-09T21:11:31 CEST" name="createEmployee" data-provider="Authentication" finished-at="2019-09-09T21:11:34 CEST" duration-ms="3119" status="PASS">
          <params>
            <param index="0">
              <value>
                <![CDATA[A]]>
              </value>
            </param>
            <param index="1">
              <value>
                <![CDATA[21000]]>
              </value>
            </param>
            <param index="2">
              <value>
                <![CDATA[25]]>
              </value>
            </param>
          </params>
          <reporter-output>
          </reporter-output>
        </test-method> <!-- createEmployee -->
        <test-method signature="createEmployee(java.lang.String, java.lang.String, java.lang.String)[pri:0, instance:test.automation.restAPI.CreateRequest@16e7dcfd]" started-at="2019-09-09T21:11:34 CEST" name="createEmployee" data-provider="Authentication" finished-at="2019-09-09T21:11:34 CEST" duration-ms="512" status="PASS">
          <params>
            <param index="0">
              <value>
                <![CDATA[B]]>
              </value>
            </param>
            <param index="1">
              <value>
                <![CDATA[55000]]>
              </value>
            </param>
            <param index="2">
              <value>
                <![CDATA[28]]>
              </value>
            </param>
          </params>
          <reporter-output>
          </reporter-output>
        </test-method> <!-- createEmployee -->
      </class> <!-- test.automation.restAPI.CreateRequest -->
    </test> <!-- Default test -->
  </suite> <!-- Default suite -->
</testng-results>
